<?xml version="1.0" encoding="UTF-8"?>
<!-- Generated by org.testng.reporters.JUnitReportReporter -->
<testsuite hostname="CLI-NBL-20-0304" failures="0" tests="1" name="test.day3" time="0.001" errors="0" timestamp="2021-01-11T10:42:49 IST" skipped="0">
  <testcase classname="test.day3" name="MobileLoginincarLoan" time="0.001"/>
  <system-out/>
</testsuite> <!-- test.day3 -->
